#
# There is insufficient memory for the Java Runtime Environment to continue.
# Native memory allocation (mmap) failed to map 738197504 bytes. Error detail: G1 virtual space
# Possible reasons:
#   The system is out of physical RAM or swap space
#   This process is running with CompressedOops enabled, and the Java Heap may be blocking the growth of the native heap
# Possible solutions:
#   Reduce memory load on the system
#   Increase physical memory or swap space
#   Check if swap backing store is full
#   Decrease Java heap size (-Xmx/-Xms)
#   Decrease number of Java threads
#   Decrease Java thread stack sizes (-Xss)
#   Set larger code cache with -XX:ReservedCodeCacheSize=
#   JVM is running with Zero Based Compressed Oops mode in which the Java heap is
#     placed in the first 32GB address space. The Java Heap base address is the
#     maximum limit for the native heap growth. Please use -XX:HeapBaseMinAddress
#     to set the Java Heap base and to place the Java Heap above 32GB virtual address.
# This output file may be truncated or incomplete.
#
#  Out of Memory Error (os_windows.cpp:3618), pid=11536, tid=10856
#
# JRE version: OpenJDK Runtime Environment Temurin-17.0.19+10 (17.0.19+10) (build 17.0.19+10)
# Java VM: OpenJDK 64-Bit Server VM Temurin-17.0.19+10 (17.0.19+10, mixed mode, sharing, tiered, compressed oops, compressed class ptrs, g1 gc, windows-amd64)
# No core dump will be written. Minidumps are not enabled by default on client versions of Windows
#

---------------  S U M M A R Y ------------

Command Line: -Xms128M -XX:MaxRAMPercentage=70.0 -Dawt.useSystemAAFontSettings=lcd -Dswing.aatext=true -Djava.util.Arrays.useLegacyMergeSort=true -Djdk.util.zip.disableZip64ExtraFieldValidation=true -XX:+IgnoreUnrecognizedVMOptions --add-opens=java.base/java.lang=ALL-UNNAMED --enable-native-access=ALL-UNNAMED -Dsun.java2d.noddraw=true -Dsun.java2d.d3d=false -Dsun.java2d.ddforcevram=true -Dsun.java2d.ddblit=false -Dswing.useflipBufferStrategy=true C:\Tools\jadx\bin\..\lib\jadx-1.5.6-all.jar E:\downloads\SFA_unpacked\classes.dex

Host: Intel(R) Xeon(R) CPU           X5570  @ 2.93GHz, 8 cores, 11G,  Windows 10 , 64 bit Build 19041 (10.0.19041.5915)
Time: Tue Jul 14 15:47:00 2026  Windows 10 , 64 bit Build 19041 (10.0.19041.5915) elapsed time: 372.003056 seconds (0d 0h 6m 12s)

---------------  T H R E A D  ---------------

Current thread (0x00000259ed70fb40):  VMThread "VM Thread" [stack: 0x000000d023e00000,0x000000d023f00000] [id=10856]

Stack: [0x000000d023e00000,0x000000d023f00000]
Native frames: (J=compiled Java code, j=interpreted, Vv=VM code, C=native code)
V  [jvm.dll+0x684b29]
V  [jvm.dll+0x83a2d5]
V  [jvm.dll+0x83bd4e]
